{
  "RSpec": {
    "coverage": {
      "/home/mgagne/workspace/test/georgia/spec/dummy/spec/dummy/config/environment.rb": [
        null,
        1,
        null,
        null,
        1
      ],
      "/home/mgagne/workspace/test/georgia/spec/dummy/spec/dummy/config/application.rb": [
        1,
        null,
        1,
        null,
        1,
        1,
        null,
        1,
        1,
        null,
        null,
        null,
        null,
        null,
        null,
        null,
        null,
        null,
        null,
        null,
        null,
        null,
        null
      ],
      "/home/mgagne/workspace/test/georgia/spec/dummy/spec/dummy/config/boot.rb": [
        null,
        1,
        null,
        1,
        1
      ],
      "/home/mgagne/workspace/test/georgia/spec/dummy/config/environments/test.rb": [
        1,
        null,
        null,
        null,
        null,
        null,
        null,
        1,
        null,
        null,
        null,
        null,
        1,
        null,
        null,
        1,
        1,
        null,
        null,
        1,
        1,
        null,
        null,
        1,
        null,
        null,
        1,
        null,
        null,
        null,
        null,
        1,
        null,
        null,
        1,
        null,
        null,
        null,
        null
      ],
      "/home/mgagne/workspace/test/georgia/spec/dummy/config/initializers/backtrace_silencers.rb": [
        null,
        null,
        null,
        null,
        null,
        null,
        null
      ],
      "/home/mgagne/workspace/test/georgia/spec/dummy/config/initializers/carrierwave.example.rb": [
        null,
        null,
        null,
        null,
        null,
        null,
        null,
        null,
        null,
        null,
        null,
        null,
        null,
        null,
        null,
        null,
        null,
        null,
        null,
        null,
        null,
        null,
        null,
        null,
        null,
        null,
        null,
        null,
        null,
        null,
        null,
        null,
        null,
        null,
        null,
        null,
        null,
        null,
        null,
        null,
        null,
        null,
        null,
        null
      ],
      "/home/mgagne/workspace/test/georgia/spec/dummy/config/initializers/cookies_serializer.rb": [
        null,
        null,
        1
      ],
      "/home/mgagne/workspace/test/georgia/spec/dummy/config/initializers/filter_parameter_logging.rb": [
        null,
        null,
        null,
        1
      ],
      "/home/mgagne/workspace/test/georgia/spec/dummy/config/initializers/georgia.rb": [
        1,
        null,
        null,
        null,
        null,
        null,
        null,
        null,
        null,
        null,
        null,
        null,
        null,
        null,
        null,
        null,
        null,
        null,
        null
      ],
      "/home/mgagne/workspace/test/georgia/spec/dummy/config/initializers/inflections.rb": [
        null,
        null,
        null,
        null,
        null,
        null,
        null,
        null,
        null,
        null,
        null,
        null,
        null,
        null,
        null,
        null
      ],
      "/home/mgagne/workspace/test/georgia/spec/dummy/config/initializers/mime_types.rb": [
        null,
        null,
        null,
        null
      ],
      "/home/mgagne/workspace/test/georgia/spec/dummy/config/initializers/session_store.rb": [
        null,
        null,
        1
      ],
      "/home/mgagne/workspace/test/georgia/spec/dummy/config/initializers/wrap_parameters.rb": [
        null,
        null,
        null,
        null,
        null,
        null,
        1,
        1,
        null,
        null,
        null,
        null,
        null,
        null
      ],
      "/home/mgagne/workspace/test/georgia/spec/dummy/spec/factories/georgia/contents.rb": [
        1,
        1,
        1,
        1,
        1,
        1,
        1,
        null,
        null
      ],
      "/home/mgagne/workspace/test/georgia/spec/dummy/spec/factories/georgia/links.rb": [
        1,
        1,
        null,
        null
      ],
      "/home/mgagne/workspace/test/georgia/spec/dummy/spec/factories/georgia/menus.rb": [
        1,
        1,
        1,
        null,
        null
      ],
      "/home/mgagne/workspace/test/georgia/spec/dummy/spec/factories/georgia/pages.rb": [
        1,
        1,
        34,
        1,
        null,
        null
      ],
      "/home/mgagne/workspace/test/georgia/spec/dummy/spec/factories/georgia/revisions.rb": [
        1,
        1,
        1,
        null,
        1,
        1,
        null,
        1,
        1,
        null,
        1,
        1,
        1,
        1,
        38,
        null,
        null,
        null,
        null,
        null
      ],
      "/home/mgagne/workspace/test/georgia/spec/dummy/spec/factories/georgia/roles.rb": [
        1,
        1,
        1,
        null,
        null
      ],
      "/home/mgagne/workspace/test/georgia/spec/dummy/spec/factories/georgia/slides.rb": [
        1,
        1,
        1,
        null,
        null
      ],
      "/home/mgagne/workspace/test/georgia/spec/dummy/spec/factories/georgia/ui_associations.rb": [
        1,
        1,
        1,
        1,
        1,
        null,
        null
      ],
      "/home/mgagne/workspace/test/georgia/spec/dummy/spec/factories/georgia/ui_sections.rb": [
        1,
        1,
        13,
        null,
        null
      ],
      "/home/mgagne/workspace/test/georgia/spec/dummy/spec/factories/georgia/users.rb": [
        1,
        1,
        39,
        1,
        1,
        null,
        1,
        1,
        35,
        null,
        null,
        null,
        null
      ],
      "/home/mgagne/workspace/test/georgia/spec/dummy/spec/factories/georgia/widgets.rb": [
        1,
        1,
        null
      ],
      "/home/mgagne/workspace/test/georgia/spec/dummy/config/routes.rb": [
        1,
        null,
        1,
        1,
        1,
        1,
        null
      ],
      "/home/mgagne/workspace/test/georgia/spec/dummy/app/helpers/application_helper.rb": [
        1,
        null
      ],
      "/home/mgagne/workspace/test/georgia/spec/dummy/spec/support/controllers/authentication.rb": [
        1,
        1,
        null,
        1,
        1,
        0,
        0,
        0,
        0,
        null,
        null,
        1,
        2,
        2,
        2,
        2,
        2,
        null,
        null,
        null
      ],
      "/home/mgagne/workspace/test/georgia/spec/dummy/spec/support/models/treeable.rb": [
        1,
        null,
        1,
        1,
        null,
        2,
        2,
        2,
        null,
        null
      ],
      "/home/mgagne/workspace/test/georgia/spec/dummy/spec/support/models/indexable.rb": [
        1,
        null,
        0,
        0,
        null,
        0,
        null,
        0,
        0,
        null,
        null,
        0,
        0,
        0,
        0,
        0,
        0,
        0,
        0,
        0,
        0,
        0,
        null,
        null,
        null,
        null,
        null
      ],
      "/home/mgagne/workspace/test/georgia/spec/dummy/spec/support/models/taggable.rb": [
        1,
        null,
        2,
        null,
        2,
        null,
        1,
        1,
        1,
        1,
        null,
        null,
        null,
        null
      ],
      "/home/mgagne/workspace/test/georgia/spec/dummy/spec/support/models/orderable.rb": [
        1,
        null,
        6,
        null,
        6,
        null,
        3,
        3,
        null,
        3,
        3,
        3,
        3,
        3,
        3,
        3,
        3,
        null,
        null,
        null,
        null,
        null,
        null
      ],
      "/home/mgagne/workspace/test/georgia/spec/dummy/spec/support/models/contentable.rb": [
        1,
        null,
        6,
        null,
        3,
        6,
        6,
        6,
        6,
        6,
        6,
        6,
        null,
        null,
        null
      ],
      "/home/mgagne/workspace/test/georgia/spec/dummy/spec/controllers/georgia/revisions_controller_spec.rb": [
        1,
        null,
        1,
        1,
        null,
        1,
        1,
        1,
        1,
        1,
        1,
        null,
        null,
        1,
        19,
        19,
        19,
        null,
        null,
        1,
        null,
        1,
        1,
        1,
        null,
        null,
        1,
        1,
        1,
        null,
        null,
        1,
        1,
        1,
        1,
        1,
        null,
        null,
        1,
        1,
        1,
        null,
        null,
        null,
        null,
        1,
        null,
        1,
        1,
        1,
        null,
        null,
        1,
        1,
        1,
        null,
        null,
        1,
        1,
        1,
        null,
        null,
        null,
        null,
        1,
        null,
        1,
        1,
        1,
        null,
        null,
        1,
        1,
        1,
        null,
        null,
        1,
        1,
        1,
        null,
        null,
        1,
        1,
        1,
        1,
        null,
        null,
        null,
        null,
        1,
        null,
        1,
        1,
        1,
        null,
        null,
        1,
        1,
        1,
        1,
        1,
        1,
        1,
        null,
        null,
        null,
        null,
        null,
        1,
        null,
        1,
        1,
        1,
        null,
        null,
        null,
        1,
        null,
        1,
        1,
        1,
        null,
        null,
        null,
        1,
        null,
        1,
        1,
        1,
        null,
        null,
        null,
        1,
        null,
        1,
        1,
        1,
        null,
        null,
        null,
        null,
        1,
        null,
        null,
        1,
        2,
        2,
        2,
        2,
        2,
        null,
        null,
        1,
        1,
        1,
        null,
        null,
        1,
        1,
        1,
        null,
        null,
        null,
        null
      ],
      "/home/mgagne/workspace/test/georgia/spec/dummy/spec/controllers/pages_controller_spec.rb": [
        1,
        null,
        1,
        1,
        null,
        1,
        1,
        null,
        null,
        1,
        null,
        1,
        1,
        0,
        null,
        null,
        null,
        null,
        null
      ],
      "/home/mgagne/workspace/test/georgia/spec/dummy/app/controllers/pages_controller.rb": [
        1,
        null,
        1,
        null,
        1,
        null,
        1,
        null,
        1,
        1,
        null,
        null,
        null
      ],
      "/home/mgagne/workspace/test/georgia/spec/dummy/app/controllers/application_controller.rb": [
        1,
        null,
        null,
        1,
        null
      ],
      "/home/mgagne/workspace/test/georgia/spec/dummy/spec/decorators/ckeditor/asset_decorator_spec.rb": [
        1,
        null,
        1,
        null
      ],
      "/home/mgagne/workspace/test/georgia/spec/dummy/spec/decorators/ckeditor/picture_decorator_spec.rb": [
        1,
        null,
        1,
        null
      ],
      "/home/mgagne/workspace/test/georgia/spec/dummy/spec/decorators/georgia/link_decorator_spec.rb": [
        1,
        null,
        1,
        null,
        2,
        null,
        2,
        null,
        1,
        1,
        1,
        1,
        1,
        null,
        null,
        null
      ],
      "/home/mgagne/workspace/test/georgia/spec/dummy/spec/decorators/georgia/page_decorator_spec.rb": [
        1,
        null,
        1,
        null,
        5,
        null,
        2,
        2,
        2,
        2,
        null,
        1,
        null,
        1,
        1,
        1,
        1,
        null,
        null,
        null,
        null,
        null
      ],
      "/home/mgagne/workspace/test/georgia/spec/dummy/spec/decorators/georgia/revision_decorator_spec.rb": [
        1,
        null,
        1,
        null,
        2,
        null,
        2,
        null,
        1,
        null,
        1,
        null,
        1,
        1,
        1,
        1,
        null,
        null,
        null,
        null,
        1,
        null,
        1,
        1,
        1,
        1,
        null,
        null,
        null,
        null,
        1,
        null,
        1,
        1,
        1,
        1,
        null,
        null,
        null,
        null,
        null,
        null,
        null
      ],
      "/home/mgagne/workspace/test/georgia/spec/dummy/spec/decorators/georgia/slide_decorator_spec.rb": [
        1,
        null,
        1,
        null,
        1,
        null,
        null
      ],
      "/home/mgagne/workspace/test/georgia/spec/dummy/spec/decorators/georgia/widget_decorator_spec.rb": [
        1,
        null,
        1,
        null,
        1,
        null,
        null
      ],
      "/home/mgagne/workspace/test/georgia/spec/dummy/spec/features/authentication/login_spec.rb": [
        1,
        null,
        1,
        null,
        1,
        1,
        null,
        null,
        1,
        1,
        1,
        null,
        null,
        1,
        1,
        1,
        null,
        null,
        1,
        1,
        1,
        null,
        null,
        1,
        3,
        3,
        3,
        3,
        null,
        null,
        null
      ],
      "/home/mgagne/workspace/test/georgia/spec/dummy/spec/features/media/search_spec.rb": [
        1,
        null,
        1,
        null,
        1,
        0,
        0,
        null,
        null,
        1,
        1,
        1,
        null,
        null,
        1,
        null,
        1,
        1,
        1,
        null,
        null,
        null,
        null
      ],
      "/home/mgagne/workspace/test/georgia/spec/dummy/spec/features/pages/search_spec.rb": [
        1,
        null,
        1,
        null,
        1,
        2,
        2,
        null,
        null,
        1,
        null,
        1,
        2,
        2,
        null,
        2,
        2,
        2,
        null,
        null,
        null,
        1,
        2,
        1,
        1,
        null,
        null,
        null,
        1,
        2,
        1,
        1,
        null,
        null,
        null,
        null,
        null,
        null
      ],
      "/home/mgagne/workspace/test/georgia/spec/dummy/spec/georgia/georgia_spec.rb": [
        1,
        null,
        1,
        null,
        2,
        2,
        2,
        2,
        2,
        null,
        1,
        1,
        1,
        null,
        null,
        null,
        1,
        1,
        1,
        null,
        null,
        null,
        1,
        1,
        1,
        null,
        null,
        null,
        1,
        1,
        1,
        null,
        null,
        null,
        1,
        1,
        2,
        1,
        null,
        1,
        1,
        1,
        1,
        null,
        null,
        null,
        null,
        null
      ],
      "/home/mgagne/workspace/test/georgia/spec/dummy/spec/models/georgia/clone_spec.rb": [
        1,
        null,
        1,
        null,
        9,
        null,
        1,
        null,
        1,
        1,
        null,
        null,
        1,
        1,
        null,
        null,
        1,
        1,
        null,
        null,
        null,
        1,
        null,
        1,
        1,
        1,
        1,
        null,
        null,
        1,
        1,
        1,
        null,
        null,
        1,
        1,
        1,
        1,
        1,
        null,
        null,
        1,
        1,
        1,
        1,
        1,
        1,
        null,
        null,
        1,
        1,
        1,
        1,
        1,
        null,
        null,
        1,
        1,
        1,
        1,
        1,
        1,
        null,
        null,
        1,
        1,
        1,
        1,
        1,
        1,
        1,
        null,
        null,
        1,
        null,
        1,
        1,
        1,
        1,
        1,
        1,
        1,
        1,
        null,
        null,
        null,
        null,
        null,
        null,
        null
      ],
      "/home/mgagne/workspace/test/georgia/spec/dummy/spec/models/georgia/content_spec.rb": [
        1,
        null,
        1,
        2,
        null,
        2,
        null,
        2,
        2,
        null,
        2,
        null,
        1,
        null,
        1,
        1,
        1,
        null,
        null,
        null,
        null,
        null
      ],
      "/home/mgagne/workspace/test/georgia/spec/dummy/spec/models/georgia/link_spec.rb": [
        1,
        null,
        1,
        2,
        null,
        2,
        null,
        1,
        null,
        1,
        1,
        1,
        1,
        null,
        null,
        null,
        null,
        1,
        null,
        1,
        3,
        null,
        null,
        1,
        null,
        1,
        null,
        1,
        1,
        1,
        1,
        1,
        null,
        null,
        null,
        null,
        1,
        null,
        1,
        1,
        1,
        1,
        1,
        null,
        null,
        null,
        null,
        1,
        null,
        1,
        1,
        1,
        1,
        null,
        null,
        null,
        null,
        null,
        null,
        null,
        null
      ],
      "/home/mgagne/workspace/test/georgia/spec/dummy/spec/models/georgia/menu_spec.rb": [
        1,
        null,
        1,
        2,
        null,
        2,
        null,
        2,
        null,
        null
      ],
      "/home/mgagne/workspace/test/georgia/spec/dummy/spec/models/georgia/page_spec.rb": [
        1,
        null,
        1,
        null,
        2,
        null,
        1,
        1,
        1,
        null,
        1,
        1,
        1,
        1,
        1,
        null,
        null,
        null,
        null,
        2,
        2,
        2,
        2,
        null,
        null,
        null,
        1,
        1,
        1,
        null,
        null,
        null,
        1,
        null,
        1,
        1,
        1,
        null,
        null,
        1,
        1,
        1,
        1,
        1,
        null,
        null,
        1,
        null,
        1,
        1,
        1,
        1,
        1,
        1,
        1,
        null,
        1,
        1,
        null,
        null,
        null,
        1,
        1,
        1,
        null,
        1,
        1,
        1,
        null,
        null,
        null,
        null,
        null,
        null,
        1,
        null,
        2,
        null,
        2,
        null,
        1,
        1,
        1,
        1,
        1,
        1,
        null,
        null,
        null,
        null,
        null,
        1,
        null,
        2,
        2,
        null,
        2,
        2,
        2,
        2,
        null,
        null,
        null,
        1,
        null,
        1,
        null,
        1,
        null,
        1,
        1,
        null,
        null,
        null,
        null,
        null,
        null,
        null,
        null,
        null,
        null,
        null,
        null,
        null,
        null,
        null,
        null,
        null,
        null,
        null,
        null,
        null
      ],
      "/home/mgagne/workspace/test/georgia/spec/dummy/spec/models/georgia/revision_spec.rb": [
        1,
        null,
        1,
        null,
        2,
        null,
        1,
        null,
        2,
        2,
        2,
        null,
        1,
        1,
        1,
        null,
        null,
        null,
        1,
        null,
        1,
        6,
        null,
        null,
        1,
        1,
        1,
        1,
        null,
        null,
        null,
        1,
        null,
        1,
        1,
        1,
        1,
        null,
        null,
        1,
        1,
        1,
        1,
        null,
        null,
        null,
        null,
        1,
        1,
        1,
        1,
        null,
        null,
        null,
        1,
        1,
        1,
        1,
        1,
        null,
        null,
        null,
        1,
        1,
        1,
        1,
        null,
        null,
        null,
        null,
        null,
        1,
        null,
        1,
        2,
        null,
        null,
        1,
        1,
        1,
        1,
        1,
        1,
        1,
        null,
        null,
        null,
        1,
        1,
        1,
        1,
        1,
        1,
        1,
        null,
        null,
        null,
        null,
        null,
        1,
        2,
        2,
        2,
        2,
        null,
        null,
        null
      ],
      "/home/mgagne/workspace/test/georgia/spec/dummy/spec/models/georgia/role_spec.rb": [
        1,
        null,
        1,
        null,
        2,
        null,
        2,
        null,
        2,
        null,
        2,
        null,
        null
      ],
      "/home/mgagne/workspace/test/georgia/spec/dummy/spec/models/georgia/slide_spec.rb": [
        1,
        null,
        1,
        null,
        2,
        null,
        2,
        2,
        null,
        1,
        1,
        null,
        null
      ],
      "/home/mgagne/workspace/test/georgia/spec/dummy/spec/models/georgia/ui_association_spec.rb": [
        1,
        null,
        1,
        null,
        2,
        null,
        2,
        2,
        2,
        null,
        2,
        null,
        1,
        null,
        1,
        1,
        1,
        1,
        1,
        1,
        null,
        1,
        1,
        1,
        1,
        1,
        null,
        1,
        1,
        1,
        1,
        1,
        null,
        null,
        null,
        1,
        1,
        1,
        1,
        1,
        null,
        null,
        null,
        null
      ],
      "/home/mgagne/workspace/test/georgia/spec/dummy/spec/models/georgia/ui_section_spec.rb": [
        1,
        null,
        1,
        null,
        2,
        null,
        2,
        2,
        2,
        null,
        2,
        2,
        2,
        null,
        null
      ],
      "/home/mgagne/workspace/test/georgia/spec/dummy/spec/models/georgia/user_spec.rb": [
        1,
        null,
        1,
        null,
        2,
        null,
        2,
        2,
        null,
        2,
        null,
        1,
        null,
        1,
        1,
        1,
        null,
        null,
        null,
        null,
        1,
        null,
        1,
        1,
        1,
        1,
        null,
        null,
        null,
        null,
        null
      ],
      "/home/mgagne/workspace/test/georgia/spec/dummy/spec/models/georgia/widget_spec.rb": [
        1,
        null,
        1,
        null,
        2,
        null,
        2,
        2,
        2,
        null,
        1,
        null,
        1,
        null,
        1,
        1,
        1,
        1,
        1,
        1,
        1,
        null,
        null,
        1,
        4,
        2,
        2,
        2,
        null,
        null,
        1,
        4,
        2,
        2,
        2,
        null,
        null,
        1,
        4,
        2,
        2,
        2,
        null,
        null,
        null,
        null
      ],
      "/home/mgagne/workspace/test/georgia/spec/dummy/spec/parsers/georgia/menu_ancestry_parser_spec.rb": [
        1,
        null,
        1,
        null,
        1,
        null,
        1,
        null,
        1,
        1,
        null,
        null,
        1,
        1,
        1,
        1,
        1,
        null,
        null,
        null,
        null,
        null
      ]
    },
    "timestamp": 1401223877
  }
}
