{
  "RSpec": {
    "coverage": {
      "/home/mgagne/workspace/test/georgia/spec/dummy/config/environment.rb": [
        null,
        1,
        null,
        null,
        1
      ],
      "/home/mgagne/workspace/test/georgia/spec/dummy/config/application.rb": [
        1,
        null,
        1,
        null,
        1,
        1,
        null,
        1,
        1,
        null,
        null,
        null,
        null,
        null,
        null,
        null,
        null,
        null,
        null,
        null,
        null,
        null,
        null
      ],
      "/home/mgagne/workspace/test/georgia/spec/dummy/config/boot.rb": [
        null,
        1,
        null,
        1,
        1
      ],
      "/home/mgagne/workspace/test/georgia/lib/georgia.rb": [
        1,
        null,
        1,
        null
      ],
      "/home/mgagne/workspace/test/georgia/lib/georgia/engine.rb": [
        1,
        1,
        1,
        null,
        null
      ],
      "/home/mgagne/workspace/test/georgia/spec/dummy/config/environments/test.rb": [
        1,
        null,
        null,
        null,
        null,
        null,
        null,
        1,
        null,
        null,
        null,
        null,
        1,
        null,
        null,
        1,
        1,
        null,
        null,
        1,
        1,
        null,
        null,
        1,
        null,
        null,
        1,
        null,
        null,
        null,
        null,
        1,
        null,
        null,
        1,
        null,
        null,
        null,
        null
      ],
      "/home/mgagne/workspace/test/georgia/spec/dummy/config/initializers/backtrace_silencers.rb": [
        null,
        null,
        null,
        null,
        null,
        null,
        null
      ],
      "/home/mgagne/workspace/test/georgia/spec/dummy/config/initializers/cookies_serializer.rb": [
        null,
        null,
        1
      ],
      "/home/mgagne/workspace/test/georgia/spec/dummy/config/initializers/filter_parameter_logging.rb": [
        null,
        null,
        null,
        1
      ],
      "/home/mgagne/workspace/test/georgia/spec/dummy/config/initializers/inflections.rb": [
        null,
        null,
        null,
        null,
        null,
        null,
        null,
        null,
        null,
        null,
        null,
        null,
        null,
        null,
        null,
        null
      ],
      "/home/mgagne/workspace/test/georgia/spec/dummy/config/initializers/mime_types.rb": [
        null,
        null,
        null,
        null
      ],
      "/home/mgagne/workspace/test/georgia/spec/dummy/config/initializers/session_store.rb": [
        null,
        null,
        1
      ],
      "/home/mgagne/workspace/test/georgia/spec/dummy/config/initializers/wrap_parameters.rb": [
        null,
        null,
        null,
        null,
        null,
        null,
        1,
        1,
        null,
        null,
        null,
        null,
        null,
        null
      ],
      "/home/mgagne/workspace/test/georgia/spec/dummy/spec/factories/georgia/pages.rb": [
        1,
        1,
        1,
        1,
        null,
        null
      ],
      "/home/mgagne/workspace/test/georgia/app/models/georgia/page.rb": [
        1,
        1,
        null,
        1,
        1,
        null,
        1,
        1,
        null,
        null,
        null,
        null,
        null,
        null,
        null,
        null,
        1,
        1,
        1,
        null,
        1,
        null,
        null,
        null,
        1,
        null,
        null,
        1,
        1,
        null,
        1,
        1,
        1,
        null,
        1,
        0,
        null,
        null,
        null,
        1,
        0,
        null,
        null,
        null,
        1,
        0,
        null,
        null,
        null,
        1,
        0,
        null,
        null,
        null,
        1,
        0,
        0,
        null,
        null,
        1,
        0,
        null,
        null,
        1,
        0,
        null,
        null,
        1,
        0,
        null,
        1,
        null,
        1,
        0,
        null,
        null,
        1,
        0,
        null,
        null,
        null,
        1,
        0,
        null,
        null,
        1,
        null,
        1,
        0,
        0,
        null,
        null,
        1,
        0,
        0,
        0,
        null,
        null,
        null,
        1,
        0,
        null,
        null,
        null,
        null
      ],
      "/home/mgagne/workspace/test/georgia/app/models/georgia/concerns/taggable.rb": [
        1,
        null,
        1,
        1,
        1,
        1,
        null,
        1,
        null,
        null,
        null,
        null,
        null,
        null,
        1,
        null,
        null,
        null,
        null
      ],
      "/home/mgagne/workspace/test/georgia/app/models/georgia/concerns/orderable.rb": [
        1,
        null,
        1,
        1,
        1,
        1,
        null,
        1,
        null,
        null,
        null,
        null,
        1,
        null,
        null,
        null,
        1,
        null,
        null,
        null,
        null
      ],
      "/home/mgagne/workspace/test/georgia/spec/dummy/config/routes.rb": [
        1,
        null,
        1,
        null
      ],
      "/home/mgagne/workspace/test/georgia/config/routes.rb": [
        1,
        null
      ],
      "/home/mgagne/workspace/test/georgia/spec/dummy/app/helpers/application_helper.rb": [
        1,
        null
      ],
      "/home/mgagne/workspace/test/georgia/spec/dummy/spec/support/models/treeable.rb": [
        1,
        null,
        0,
        0,
        null,
        0,
        0,
        0,
        null,
        null
      ],
      "/home/mgagne/workspace/test/georgia/spec/dummy/spec/support/models/indexable.rb": [
        1,
        null,
        0,
        0,
        null,
        0,
        null,
        0,
        0,
        null,
        null,
        0,
        0,
        0,
        0,
        0,
        0,
        0,
        0,
        0,
        0,
        0,
        null,
        null,
        null,
        null,
        null
      ],
      "/home/mgagne/workspace/test/georgia/spec/dummy/spec/support/models/taggable.rb": [
        1,
        null,
        0,
        null,
        0,
        null,
        0,
        0,
        0,
        0,
        0,
        null,
        null,
        null,
        null
      ],
      "/home/mgagne/workspace/test/georgia/spec/dummy/spec/support/models/orderable.rb": [
        1,
        null,
        0,
        null,
        0,
        null,
        0,
        0,
        null,
        0,
        0,
        0,
        0,
        0,
        0,
        0,
        0,
        null,
        null,
        null,
        null,
        null,
        null
      ],
      "/home/mgagne/workspace/test/georgia/spec/dummy/spec/support/models/contentable.rb": [
        1,
        null,
        0,
        null,
        0,
        0,
        0,
        0,
        0,
        0,
        0,
        0,
        null,
        null,
        null
      ]
    },
    "timestamp": 1401213710
  }
}
